#
# There is insufficient memory for the Java Runtime Environment to continue.
# Native memory allocation (malloc) failed to allocate 899856 bytes for Chunk::new
# Possible reasons:
#   The system is out of physical RAM or swap space
#   In 32 bit mode, the process size limit was hit
# Possible solutions:
#   Reduce memory load on the system
#   Increase physical memory or swap space
#   Check if swap backing store is full
#   Use 64 bit Java on a 64 bit OS
#   Decrease Java heap size (-Xmx/-Xms)
#   Decrease number of Java threads
#   Decrease Java thread stack sizes (-Xss)
#   Set larger code cache with -XX:ReservedCodeCacheSize=
# This output file may be truncated or incomplete.
#
#  Out of Memory Error (allocation.cpp:390), pid=588, tid=0x0000000000000900
#
# JRE version: OpenJDK Runtime Environment (8.0_112-b06) (build 1.8.0_112-release-b06)
# Java VM: OpenJDK 64-Bit Server VM (25.112-b06 mixed mode windows-amd64 compressed oops)
# Failed to write core dump. Minidumps are not enabled by default on client versions of Windows
#

---------------  T H R E A D  ---------------

Current thread (0x000000001592a000):  JavaThread "C2 CompilerThread0" daemon [_thread_in_native, id=2304, stack(0x0000000016f60000,0x0000000017060000)]

Stack: [0x0000000016f60000,0x0000000017060000]
[error occurred during error reporting (printing stack bounds), id 0xc0000005]

Native frames: (J=compiled Java code, j=interpreted, Vv=VM code, C=native code)


Current CompileTask:
C2:5476136 18049   !   4       org.gradle.internal.service.DefaultServiceRegistry::doGet (102 bytes)


---------------  P R O C E S S  ---------------

Java Threads: ( => current thread )
  0x000000001aa87000 JavaThread "Stdin handler" [_thread_blocked, id=472, stack(0x0000000020600000,0x0000000020700000)]
  0x000000001aa7e000 JavaThread "Asynchronous log dispatcher for DefaultDaemonConnection: socket connection from /127.0.0.1:59950 to /127.0.0.1:62337" [_thread_blocked, id=4680, stack(0x0000000020500000,0x0000000020600000)]
  0x000000001aa7d000 JavaThread "Daemon worker Thread 7" [_thread_in_native, id=9100, stack(0x0000000019f00000,0x000000001a000000)]
  0x000000001aa80000 JavaThread "Cancel handler" [_thread_blocked, id=8844, stack(0x0000000019e00000,0x0000000019f00000)]
  0x000000001aa7e800 JavaThread "Handler for socket connection from /127.0.0.1:59950 to /127.0.0.1:62337" [_thread_in_native, id=5656, stack(0x0000000019d00000,0x0000000019e00000)]
  0x000000001aa7f800 JavaThread "Daemon Thread 7" [_thread_blocked, id=1636, stack(0x0000000019c00000,0x0000000019d00000)]
  0x000000001aa81800 JavaThread "pool-5-thread-4" [_thread_blocked, id=9036, stack(0x0000000022b60000,0x0000000022c60000)]
  0x000000001aa85000 JavaThread "pool-5-thread-3" [_thread_blocked, id=3656, stack(0x0000000022a60000,0x0000000022b60000)]
  0x000000001aa86800 JavaThread "pool-5-thread-2" [_thread_blocked, id=3196, stack(0x0000000022f60000,0x0000000023060000)]
  0x000000001aa81000 JavaThread "pool-5-thread-1" [_thread_blocked, id=5860, stack(0x0000000022960000,0x0000000022a60000)]
  0x000000001aecb000 JavaThread "pool-2-thread-1" [_thread_blocked, id=3284, stack(0x000000001b4d0000,0x000000001b5d0000)]
  0x000000001a56f800 JavaThread "File lock request listener" [_thread_in_native, id=3964, stack(0x000000001b1d0000,0x000000001b2d0000)]
  0x00000000186ac000 JavaThread "pool-1-thread-1" [_thread_blocked, id=6784, stack(0x0000000019b00000,0x0000000019c00000)]
  0x0000000018cba800 JavaThread "Incoming local TCP Connector on port 59950" [_thread_in_native, id=7084, stack(0x0000000019510000,0x0000000019610000)]
  0x0000000017282800 JavaThread "Service Thread" daemon [_thread_blocked, id=6800, stack(0x0000000017660000,0x0000000017760000)]
  0x0000000015936000 JavaThread "C1 CompilerThread2" daemon [_thread_blocked, id=5364, stack(0x0000000017160000,0x0000000017260000)]
  0x0000000015932000 JavaThread "C2 CompilerThread1" daemon [_thread_in_native, id=10016, stack(0x0000000017060000,0x0000000017160000)]
=>0x000000001592a000 JavaThread "C2 CompilerThread0" daemon [_thread_in_native, id=2304, stack(0x0000000016f60000,0x0000000017060000)]
  0x0000000015928800 JavaThread "Attach Listener" daemon [_thread_blocked, id=372, stack(0x0000000016e60000,0x0000000016f60000)]
  0x0000000015927000 JavaThread "Signal Dispatcher" daemon [_thread_blocked, id=6704, stack(0x0000000016d60000,0x0000000016e60000)]
  0x0000000001eeb000 JavaThread "Finalizer" daemon [_thread_blocked, id=7692, stack(0x0000000016b80000,0x0000000016c80000)]
  0x0000000001edf800 JavaThread "Reference Handler" daemon [_thread_blocked, id=2480, stack(0x0000000016a80000,0x0000000016b80000)]
  0x0000000001df0800 JavaThread "main" [_thread_blocked, id=700, stack(0x0000000001c70000,0x0000000001d70000)]

Other Threads:
  0x00000000158f5000 VMThread [stack: 0x0000000016980000,0x0000000016a80000] [id=9884]
  0x0000000017284000 WatcherThread [stack: 0x0000000017760000,0x0000000017860000] [id=8376]

VM state:not at safepoint (normal execution)

VM Mutex/Monitor currently owned by a thread: None

Heap:
 PSYoungGen      total 409600K, used 8679K [0x00000000e0000000, 0x00000000fe200000, 0x0000000100000000)
  eden space 358912K, 0% used [0x00000000e0000000,0x00000000e01cc4b8,0x00000000f5e80000)
  from space 50688K, 13% used [0x00000000f5e80000,0x00000000f652d960,0x00000000f9000000)
  to   space 50176K, 0% used [0x00000000fb100000,0x00000000fb100000,0x00000000fe200000)
 ParOldGen       total 148992K, used 96364K [0x00000000a0000000, 0x00000000a9180000, 0x00000000e0000000)
  object space 148992K, 64% used [0x00000000a0000000,0x00000000a5e1b3d8,0x00000000a9180000)
 Metaspace       used 75176K, capacity 78946K, committed 78976K, reserved 1118208K
  class space    used 9585K, capacity 10338K, committed 10368K, reserved 1048576K

Card table byte_map: [0x0000000011380000,0x0000000011690000] byte_map_base: 0x0000000010e80000

Marking Bits: (ParMarkBitMap*) 0x00000000604618f0
 Begin Bits: [0x0000000011c90000, 0x0000000013490000)
 End Bits:   [0x0000000013490000, 0x0000000014c90000)

Polling page: 0x00000000004b0000

CodeCache: size=245760Kb used=50440Kb max_used=50683Kb free=195320Kb
 bounds [0x0000000001fc0000, 0x0000000005190000, 0x0000000010fc0000]
 total_blobs=15161 nmethods=14357 adapters=715
 compilation: enabled

Compilation events (10 events):
Event: 5474.282 Thread 0x0000000015936000 18055       3       org.gradle.model.internal.registry.DefaultModelRegistry::register (6 bytes)
Event: 5474.283 Thread 0x0000000015936000 nmethod 18055 0x0000000003f02d10 code [0x0000000003f02e80, 0x0000000003f03028]
Event: 5474.283 Thread 0x0000000015936000 18056       3       org.gradle.model.internal.registry.DefaultModelRegistry::register (82 bytes)
Event: 5474.305 Thread 0x0000000015936000 nmethod 18056 0x0000000005181710 code [0x00000000051819e0, 0x0000000005182ed8]
Event: 5474.305 Thread 0x0000000015936000 18058       3       java.util.ArrayList$SubList::set (40 bytes)
Event: 5474.306 Thread 0x0000000015936000 nmethod 18058 0x0000000003df1790 code [0x0000000003df1960, 0x0000000003df2048]
Event: 5474.306 Thread 0x0000000015936000 18057       3       org.gradle.model.internal.inspect.ModelRuleExtractor$DefaultExtractedRuleSource$2::<init> (26 bytes)
Event: 5474.306 Thread 0x0000000015936000 nmethod 18057 0x00000000031f9290 code [0x00000000031f93e0, 0x00000000031f95f0]
Event: 5474.983 Thread 0x0000000015936000 18059   !   3       java.util.concurrent.ThreadPoolExecutor::tryTerminate (161 bytes)
Event: 5474.987 Thread 0x0000000015936000 nmethod 18059 0x0000000003ef32d0 code [0x0000000003ef35e0, 0x0000000003ef4eb8]

GC Heap History (10 events):
Event: 4661.386 GC heap before
{Heap before GC invocations=26 (full 3):
 PSYoungGen      total 308736K, used 304637K [0x00000000e0000000, 0x00000000f5e80000, 0x0000000100000000)
  eden space 268800K, 99% used [0x00000000e0000000,0x00000000f060d110,0x00000000f0680000)
  from space 39936K, 90% used [0x00000000f3380000,0x00000000f56f2550,0x00000000f5a80000)
  to   space 45056K, 0% used [0x00000000f0680000,0x00000000f0680000,0x00000000f3280000)
 ParOldGen       total 148992K, used 81086K [0x00000000a0000000, 0x00000000a9180000, 0x00000000e0000000)
  object space 148992K, 54% used [0x00000000a0000000,0x00000000a4f2f968,0x00000000a9180000)
 Metaspace       used 74138K, capacity 77280K, committed 77568K, reserved 1116160K
  class space    used 9500K, capacity 10181K, committed 10240K, reserved 1048576K
Event: 4662.008 GC heap after
Heap after GC invocations=26 (full 3):
 PSYoungGen      total 313856K, used 27744K [0x00000000e0000000, 0x00000000f9b80000, 0x0000000100000000)
  eden space 268800K, 0% used [0x00000000e0000000,0x00000000e0000000,0x00000000f0680000)
  from space 45056K, 61% used [0x00000000f0680000,0x00000000f21982a8,0x00000000f3280000)
  to   space 45568K, 0% used [0x00000000f6f00000,0x00000000f6f00000,0x00000000f9b80000)
 ParOldGen       total 148992K, used 81094K [0x00000000a0000000, 0x00000000a9180000, 0x00000000e0000000)
  object space 148992K, 54% used [0x00000000a0000000,0x00000000a4f31968,0x00000000a9180000)
 Metaspace       used 74138K, capacity 77280K, committed 77568K, reserved 1116160K
  class space    used 9500K, capacity 10181K, committed 10240K, reserved 1048576K
}
Event: 4879.372 GC heap before
{Heap before GC invocations=27 (full 3):
 PSYoungGen      total 313856K, used 296544K [0x00000000e0000000, 0x00000000f9b80000, 0x0000000100000000)
  eden space 268800K, 100% used [0x00000000e0000000,0x00000000f0680000,0x00000000f0680000)
  from space 45056K, 61% used [0x00000000f0680000,0x00000000f21982a8,0x00000000f3280000)
  to   space 45568K, 0% used [0x00000000f6f00000,0x00000000f6f00000,0x00000000f9b80000)
 ParOldGen       total 148992K, used 81094K [0x00000000a0000000, 0x00000000a9180000, 0x00000000e0000000)
  object space 148992K, 54% used [0x00000000a0000000,0x00000000a4f31968,0x00000000a9180000)
 Metaspace       used 74169K, capacity 77352K, committed 77568K, reserved 1116160K
  class space    used 9501K, capacity 10183K, committed 10240K, reserved 1048576K
Event: 4879.402 GC heap after
Heap after GC invocations=27 (full 3):
 PSYoungGen      total 361472K, used 1172K [0x00000000e0000000, 0x00000000f9500000, 0x0000000100000000)
  eden space 322560K, 0% used [0x00000000e0000000,0x00000000e0000000,0x00000000f3b00000)
  from space 38912K, 3% used [0x00000000f6f00000,0x00000000f7025010,0x00000000f9500000)
  to   space 46080K, 0% used [0x00000000f3b00000,0x00000000f3b00000,0x00000000f6800000)
 ParOldGen       total 148992K, used 90029K [0x00000000a0000000, 0x00000000a9180000, 0x00000000e0000000)
  object space 148992K, 60% used [0x00000000a0000000,0x00000000a57eb530,0x00000000a9180000)
 Metaspace       used 74169K, capacity 77352K, committed 77568K, reserved 1116160K
  class space    used 9501K, capacity 10183K, committed 10240K, reserved 1048576K
}
Event: 4896.504 GC heap before
{Heap before GC invocations=28 (full 3):
 PSYoungGen      total 361472K, used 323732K [0x00000000e0000000, 0x00000000f9500000, 0x0000000100000000)
  eden space 322560K, 100% used [0x00000000e0000000,0x00000000f3b00000,0x00000000f3b00000)
  from space 38912K, 3% used [0x00000000f6f00000,0x00000000f7025010,0x00000000f9500000)
  to   space 46080K, 0% used [0x00000000f3b00000,0x00000000f3b00000,0x00000000f6800000)
 ParOldGen       total 148992K, used 90029K [0x00000000a0000000, 0x00000000a9180000, 0x00000000e0000000)
  object space 148992K, 60% used [0x00000000a0000000,0x00000000a57eb530,0x00000000a9180000)
 Metaspace       used 74488K, capacity 77822K, committed 78080K, reserved 1118208K
  class space    used 9520K, capacity 10212K, committed 10240K, reserved 1048576K
Event: 4896.584 GC heap after
Heap after GC invocations=28 (full 3):
 PSYoungGen      total 368640K, used 43057K [0x00000000e0000000, 0x00000000fcc00000, 0x0000000100000000)
  eden space 322560K, 0% used [0x00000000e0000000,0x00000000e0000000,0x00000000f3b00000)
  from space 46080K, 93% used [0x00000000f3b00000,0x00000000f650c628,0x00000000f6800000)
  to   space 52736K, 0% used [0x00000000f9880000,0x00000000f9880000,0x00000000fcc00000)
 ParOldGen       total 148992K, used 96348K [0x00000000a0000000, 0x00000000a9180000, 0x00000000e0000000)
  object space 148992K, 64% used [0x00000000a0000000,0x00000000a5e173d8,0x00000000a9180000)
 Metaspace       used 74488K, capacity 77822K, committed 78080K, reserved 1118208K
  class space    used 9520K, capacity 10212K, committed 10240K, reserved 1048576K
}
Event: 5290.597 GC heap before
{Heap before GC invocations=29 (full 3):
 PSYoungGen      total 368640K, used 365617K [0x00000000e0000000, 0x00000000fcc00000, 0x0000000100000000)
  eden space 322560K, 100% used [0x00000000e0000000,0x00000000f3b00000,0x00000000f3b00000)
  from space 46080K, 93% used [0x00000000f3b00000,0x00000000f650c628,0x00000000f6800000)
  to   space 52736K, 0% used [0x00000000f9880000,0x00000000f9880000,0x00000000fcc00000)
 ParOldGen       total 148992K, used 96348K [0x00000000a0000000, 0x00000000a9180000, 0x00000000e0000000)
  object space 148992K, 64% used [0x00000000a0000000,0x00000000a5e173d8,0x00000000a9180000)
 Metaspace       used 74926K, capacity 78502K, committed 78720K, reserved 1118208K
  class space    used 9558K, capacity 10274K, committed 10368K, reserved 1048576K
Event: 5290.690 GC heap after
Heap after GC invocations=29 (full 3):
 PSYoungGen      total 400896K, used 24238K [0x00000000e0000000, 0x00000000fc180000, 0x0000000100000000)
  eden space 358912K, 0% used [0x00000000e0000000,0x00000000e0000000,0x00000000f5e80000)
  from space 41984K, 57% used [0x00000000f9880000,0x00000000fb02b918,0x00000000fc180000)
  to   space 50688K, 0% used [0x00000000f5e80000,0x00000000f5e80000,0x00000000f9000000)
 ParOldGen       total 148992K, used 96356K [0x00000000a0000000, 0x00000000a9180000, 0x00000000e0000000)
  object space 148992K, 64% used [0x00000000a0000000,0x00000000a5e193d8,0x00000000a9180000)
 Metaspace       used 74926K, capacity 78502K, committed 78720K, reserved 1118208K
  class space    used 9558K, capacity 10274K, committed 10368K, reserved 1048576K
}
Event: 5474.794 GC heap before
{Heap before GC invocations=30 (full 3):
 PSYoungGen      total 400896K, used 383150K [0x00000000e0000000, 0x00000000fc180000, 0x0000000100000000)
  eden space 358912K, 100% used [0x00000000e0000000,0x00000000f5e80000,0x00000000f5e80000)
  from space 41984K, 57% used [0x00000000f9880000,0x00000000fb02b918,0x00000000fc180000)
  to   space 50688K, 0% used [0x00000000f5e80000,0x00000000f5e80000,0x00000000f9000000)
 ParOldGen       total 148992K, used 96356K [0x00000000a0000000, 0x00000000a9180000, 0x00000000e0000000)
  object space 148992K, 64% used [0x00000000a0000000,0x00000000a5e193d8,0x00000000a9180000)
 Metaspace       used 75174K, capacity 78946K, committed 78976K, reserved 1118208K
  class space    used 9585K, capacity 10338K, committed 10368K, reserved 1048576K
Event: 5474.982 GC heap after
Heap after GC invocations=30 (full 3):
 PSYoungGen      total 409600K, used 6838K [0x00000000e0000000, 0x00000000fe200000, 0x0000000100000000)
  eden space 358912K, 0% used [0x00000000e0000000,0x00000000e0000000,0x00000000f5e80000)
  from space 50688K, 13% used [0x00000000f5e80000,0x00000000f652d960,0x00000000f9000000)
  to   space 50176K, 0% used [0x00000000fb100000,0x00000000fb100000,0x00000000fe200000)
 ParOldGen       total 148992K, used 96364K [0x00000000a0000000, 0x00000000a9180000, 0x00000000e0000000)
  object space 148992K, 64% used [0x00000000a0000000,0x00000000a5e1b3d8,0x00000000a9180000)
 Metaspace       used 75174K, capacity 78946K, committed 78976K, reserved 1118208K
  class space    used 9585K, capacity 10338K, committed 10368K, reserved 1048576K
}

Deoptimization events (10 events):
Event: 5281.222 Thread 0x000000001aa7f800 Uncommon trap: reason=array_check action=maybe_recompile pc=0x0000000004e3fd50 method=java.util.ComparableTimSort.reverseRange([Ljava/lang/Object;II)V @ 27
Event: 5286.722 Thread 0x000000001aa7f800 Uncommon trap: reason=bimorphic action=maybe_recompile pc=0x0000000003f523a8 method=com.sun.tools.javac.code.Type$ClassType.allparams()Lcom/sun/tools/javac/util/List; @ 16
Event: 5289.181 Thread 0x000000001aa86800 Uncommon trap: reason=predicate action=maybe_recompile pc=0x0000000003f0d244 method=java.util.TimSort.reverseRange([Ljava/lang/Object;II)V @ 8
Event: 5290.304 Thread 0x000000001aa81000 Uncommon trap: reason=array_check action=maybe_recompile pc=0x0000000004ce9bb8 method=java.util.ComparableTimSort.mergeLo(IIII)V @ 81
Event: 5290.947 Thread 0x000000001aa81000 Uncommon trap: reason=array_check action=maybe_recompile pc=0x000000000504e470 method=java.util.TimSort.reverseRange([Ljava/lang/Object;II)V @ 20
Event: 5290.947 Thread 0x000000001aa81000 Uncommon trap: reason=array_check action=maybe_recompile pc=0x000000000504e470 method=java.util.TimSort.reverseRange([Ljava/lang/Object;II)V @ 20
Event: 5290.947 Thread 0x000000001aa81000 Uncommon trap: reason=array_check action=maybe_recompile pc=0x000000000504e470 method=java.util.TimSort.reverseRange([Ljava/lang/Object;II)V @ 20
Event: 5290.947 Thread 0x000000001aa81000 Uncommon trap: reason=array_check action=maybe_recompile pc=0x000000000504e470 method=java.util.TimSort.reverseRange([Ljava/lang/Object;II)V @ 20
Event: 5374.434 Thread 0x000000001aa80000 Uncommon trap: reason=array_check action=maybe_recompile pc=0x000000000505569c method=java.util.ComparableTimSort.binarySort([Ljava/lang/Object;III)V @ 215
Event: 5374.444 Thread 0x000000001aa80000 Uncommon trap: reason=array_check action=maybe_recompile pc=0x000000000505569c method=java.util.ComparableTimSort.binarySort([Ljava/lang/Object;III)V @ 215

Internal exceptions (10 events):
Event: 5377.156 Thread 0x000000001aa80000 Exception <a 'sun/nio/fs/WindowsException'> (0x00000000f25876a0) thrown at [C:\src\android\AOSP-openjdk\external\jetbrains\jdk\hotspot\src\share\vm\prims\jni.cpp, line 709]
Event: 5377.156 Thread 0x000000001aa80000 Exception <a 'sun/nio/fs/WindowsException'> (0x00000000f2589240) thrown at [C:\src\android\AOSP-openjdk\external\jetbrains\jdk\hotspot\src\share\vm\prims\jni.cpp, line 709]
Event: 5377.156 Thread 0x000000001aa80000 Exception <a 'sun/nio/fs/WindowsException'> (0x00000000f2589dd0) thrown at [C:\src\android\AOSP-openjdk\external\jetbrains\jdk\hotspot\src\share\vm\prims\jni.cpp, line 709]
Event: 5377.167 Thread 0x000000001aa80000 Exception <a 'sun/nio/fs/WindowsException'> (0x00000000f258d5a0) thrown at [C:\src\android\AOSP-openjdk\external\jetbrains\jdk\hotspot\src\share\vm\prims\jni.cpp, line 709]
Event: 5377.167 Thread 0x000000001aa80000 Exception <a 'sun/nio/fs/WindowsException'> (0x00000000f258df30) thrown at [C:\src\android\AOSP-openjdk\external\jetbrains\jdk\hotspot\src\share\vm\prims\jni.cpp, line 709]
Event: 5377.167 Thread 0x000000001aa80000 Exception <a 'sun/nio/fs/WindowsException'> (0x00000000f258f990) thrown at [C:\src\android\AOSP-openjdk\external\jetbrains\jdk\hotspot\src\share\vm\prims\jni.cpp, line 709]
Event: 5377.167 Thread 0x000000001aa80000 Exception <a 'sun/nio/fs/WindowsException'> (0x00000000f25903e0) thrown at [C:\src\android\AOSP-openjdk\external\jetbrains\jdk\hotspot\src\share\vm\prims\jni.cpp, line 709]
Event: 5382.461 Thread 0x000000001aa80000 Exception <a 'sun/nio/fs/WindowsException'> (0x00000000f537f690) thrown at [C:\src\android\AOSP-openjdk\external\jetbrains\jdk\hotspot\src\share\vm\prims\jni.cpp, line 709]
Event: 5474.170 Thread 0x000000001aa7d000 Exception <a 'java/lang/ClassNotFoundException': asLocalRepo871_ekbgibn4wyy24tpmhnzcry4u9BeanInfo> (0x00000000f5958808) thrown at [C:\src\android\AOSP-openjdk\external\jetbrains\jdk\hotspot\src\share\vm\classfile\systemDictionary.cpp, line 210]
Event: 5474.171 Thread 0x000000001aa7d000 Exception <a 'java/lang/ClassNotFoundException': asLocalRepo871_ekbgibn4wyy24tpmhnzcry4u9Customizer> (0x00000000f5963800) thrown at [C:\src\android\AOSP-openjdk\external\jetbrains\jdk\hotspot\src\share\vm\classfile\systemDictionary.cpp, line 210]

Events (10 events):
Event: 5474.983 Executing VM operation: RevokeBias done
Event: 5474.983 Executing VM operation: RevokeBias
Event: 5474.983 Executing VM operation: RevokeBias done
Event: 5474.983 Executing VM operation: RevokeBias
Event: 5474.983 Executing VM operation: RevokeBias done
Event: 5474.983 Executing VM operation: RevokeBias
Event: 5474.984 Executing VM operation: RevokeBias done
Event: 5474.988 Thread 0x0000000015936000 flushing nmethod 0x000000000221ed90
Event: 5474.988 Thread 0x0000000015936000 flushing nmethod 0x00000000022234d0
Event: 5474.988 Thread 0x0000000015936000 flushing nmethod 0x000000000226d0d0


Dynamic libraries:
0x00007ff75c5b0000 - 0x00007ff75c5e1000 	C:\Program Files\Android\Android Studio\jre\bin\java.exe
0x00007ff8fee20000 - 0x00007ff8fefca000 	C:\Windows\SYSTEM32\ntdll.dll
0x00007ff8feb90000 - 0x00007ff8fecca000 	C:\Windows\system32\KERNEL32.DLL
0x00007ff8fc590000 - 0x00007ff8fc69f000 	C:\Windows\system32\KERNELBASE.dll
0x00007ff8fd1f0000 - 0x00007ff8fd295000 	C:\Windows\system32\ADVAPI32.dll
0x00007ff8fd590000 - 0x00007ff8fd701000 	C:\Windows\system32\USER32.dll
0x00007ff8f9e00000 - 0x00007ff8fa05a000 	C:\Windows\WinSxS\amd64_microsoft.windows.common-controls_6595b64144ccf1df_6.0.9600.17031_none_6242a4b3ecbb55a1\COMCTL32.dll
0x00007ff8fd360000 - 0x00007ff8fd407000 	C:\Windows\system32\msvcrt.dll
0x00007ff8fc830000 - 0x00007ff8fc887000 	C:\Windows\SYSTEM32\sechost.dll
0x00007ff8fd450000 - 0x00007ff8fd586000 	C:\Windows\system32\RPCRT4.dll
0x00007ff8fecd0000 - 0x00007ff8fee15000 	C:\Windows\system32\GDI32.dll
0x00007ff8fd410000 - 0x00007ff8fd444000 	C:\Windows\system32\IMM32.DLL
0x00007ff8fc950000 - 0x00007ff8fca89000 	C:\Windows\system32\MSCTF.dll
0x00007ff8fc140000 - 0x00007ff8fc172000 	C:\Windows\system32\nvinitx.dll
0x00007ff8fc130000 - 0x00007ff8fc13a000 	C:\Windows\SYSTEM32\VERSION.dll
0x0000000061530000 - 0x0000000061536000 	C:\Program Files\NVIDIA Corporation\CoProcManager\_etoured.dll
0x00007ff8fa5b0000 - 0x00007ff8fa5e8000 	C:\Program Files\NVIDIA Corporation\CoProcManager\nvd3d9wrapx.dll
0x00007ff8fcc90000 - 0x00007ff8fce64000 	C:\Windows\system32\SETUPAPI.dll
0x00007ff8fc310000 - 0x00007ff8fc35a000 	C:\Windows\system32\CFGMGR32.dll
0x00007ff8fa560000 - 0x00007ff8fa584000 	C:\Program Files\NVIDIA Corporation\CoProcManager\nvdxgiwrapx.dll
0x000000005fbc0000 - 0x000000005fc92000 	C:\Program Files\Android\Android Studio\jre\jre\bin\msvcr100.dll
0x000000005fca0000 - 0x00000000604dc000 	C:\Program Files\Android\Android Studio\jre\jre\bin\server\jvm.dll
0x00007ff8f7cd0000 - 0x00007ff8f7cd9000 	C:\Windows\SYSTEM32\WSOCK32.dll
0x00007ff8f74a0000 - 0x00007ff8f74bf000 	C:\Windows\SYSTEM32\WINMM.dll
0x00007ff8fcf30000 - 0x00007ff8fcf37000 	C:\Windows\system32\PSAPI.DLL
0x00007ff8fd190000 - 0x00007ff8fd1e8000 	C:\Windows\system32\WS2_32.dll
0x00007ff8f6e80000 - 0x00007ff8f6eaa000 	C:\Windows\SYSTEM32\WINMMBASE.dll
0x00007ff8fc820000 - 0x00007ff8fc829000 	C:\Windows\system32\NSI.dll
0x00007ff8fafd0000 - 0x00007ff8faff6000 	C:\Windows\SYSTEM32\DEVOBJ.dll
0x00007ff8f7870000 - 0x00007ff8f787f000 	C:\Program Files\Android\Android Studio\jre\jre\bin\verify.dll
0x00007ff8f2830000 - 0x00007ff8f2859000 	C:\Program Files\Android\Android Studio\jre\jre\bin\java.dll
0x00007ff8f3c60000 - 0x00007ff8f3c76000 	C:\Program Files\Android\Android Studio\jre\jre\bin\zip.dll
0x00007ff8fd770000 - 0x00007ff8feb87000 	C:\Windows\system32\SHELL32.dll
0x00007ff8fcfb0000 - 0x00007ff8fd186000 	C:\Windows\SYSTEM32\combase.dll
0x00007ff8fcf50000 - 0x00007ff8fcfa1000 	C:\Windows\system32\SHLWAPI.dll
0x00007ff8fa7a0000 - 0x00007ff8fa83f000 	C:\Windows\SYSTEM32\SHCORE.dll
0x00007ff8fc190000 - 0x00007ff8fc1a4000 	C:\Windows\SYSTEM32\profapi.dll
0x00007ff8f3300000 - 0x00007ff8f331a000 	C:\Program Files\Android\Android Studio\jre\jre\bin\net.dll
0x00007ff8fb9a0000 - 0x00007ff8fb9f8000 	C:\Windows\system32\mswsock.dll
0x00007ff8f2d00000 - 0x00007ff8f2d11000 	C:\Program Files\Android\Android Studio\jre\jre\bin\nio.dll
0x00007ff8f2790000 - 0x00007ff8f27ae000 	C:\Users\prajwal\.gradle\native\23\windows-amd64\native-platform.dll
0x00007ff8fba00000 - 0x00007ff8fba1e000 	C:\Windows\SYSTEM32\CRYPTSP.dll
0x00007ff8fb640000 - 0x00007ff8fb675000 	C:\Windows\system32\rsaenh.dll
0x00007ff8fbc90000 - 0x00007ff8fbcb6000 	C:\Windows\SYSTEM32\bcrypt.dll
0x00007ff8fb750000 - 0x00007ff8fb76e000 	C:\Windows\SYSTEM32\USERENV.dll
0x00007ff8fbfb0000 - 0x00007ff8fc010000 	C:\Windows\system32\bcryptprimitives.dll
0x00007ff8fc010000 - 0x00007ff8fc01a000 	C:\Windows\SYSTEM32\CRYPTBASE.dll
0x00007ff8f64f0000 - 0x00007ff8f6519000 	C:\Windows\SYSTEM32\IPHLPAPI.DLL
0x00007ff8f64c0000 - 0x00007ff8f64ca000 	C:\Windows\SYSTEM32\WINNSI.DLL
0x00007ff8f6370000 - 0x00007ff8f6384000 	C:\Windows\SYSTEM32\dhcpcsvc6.DLL
0x00007ff8f60f0000 - 0x00007ff8f6109000 	C:\Windows\SYSTEM32\dhcpcsvc.DLL
0x00007ff8f85b0000 - 0x00007ff8f85bd000 	C:\Program Files\Android\Android Studio\jre\jre\bin\management.dll
0x00007ff8f7ca0000 - 0x00007ff8f7cd0000 	C:\Windows\SYSTEM32\ntmarta.dll
0x00007ff8f0a50000 - 0x00007ff8f0a74000 	C:\Program Files\Android\Android Studio\jre\jre\bin\sunec.dll
0x00007ff8f8ea0000 - 0x00007ff8f8eab000 	C:\Program Files\Android\Android Studio\jre\jre\bin\sunmscapi.dll
0x00007ff8fc360000 - 0x00007ff8fc537000 	C:\Windows\system32\CRYPT32.dll
0x00007ff8fc240000 - 0x00007ff8fc252000 	C:\Windows\system32\MSASN1.dll

VM Arguments:
jvm_args: -Xmx1536m -Dfile.encoding=windows-1252 -Duser.country=US -Duser.language=en -Duser.variant 
java_command: org.gradle.launcher.daemon.bootstrap.GradleDaemon 3.3
java_class_path (initial): C:\Users\prajwal\.gradle\wrapper\dists\gradle-3.3-all\55gk2rcmfc6p2dg9u9ohc3hw9\gradle-3.3\lib\gradle-launcher-3.3.jar
Launcher Type: SUN_STANDARD

Environment Variables:
PATH=C:\ProgramData\Oracle\Java\javapath;C:\Program Files\Java\jdk1.8.0_92;C:\Program Files\Java\jdk1.8.0_92
USERNAME=prajwal
OS=Windows_NT
PROCESSOR_IDENTIFIER=Intel64 Family 6 Model 42 Stepping 7, GenuineIntel



---------------  S Y S T E M  ---------------

OS: Windows 8.1 , 64 bit Build 9600 (6.3.9600.17056)

CPU:total 4 (2 cores per cpu, 2 threads per core) family 6 model 42 stepping 7, cmov, cx8, fxsr, mmx, sse, sse2, sse3, ssse3, sse4.1, sse4.2, popcnt, avx, aes, clmul, ht, tsc, tscinvbit

Memory: 4k page, physical 8293548k(881936k free), swap 11439276k(5000k free)

vm_info: OpenJDK 64-Bit Server VM (25.112-b06) for windows-amd64 JRE (1.8.0_112-release-b06), built on Dec  8 2016 00:54:26 by "builder" with MS VC++ 10.0 (VS2010)

time: Sun Jul 16 20:41:20 2017
elapsed time: 5475 seconds (0d 1h 31m 15s)

